Thu Mar 24 06:15:05 UTC 2022 - Executing "/openlane/scripts/mergeLef.py -i /home/sky/pdks/sky130A/libs.ref/sky130_fd_sc_hd/techlef/sky130_fd_sc_hd.tlef /home/sky/pdks/sky130A/libs.ref/sky130_fd_sc_hd/lef/sky130_fd_sc_hd.lef -o /home/sky/proj/ReRAM-16x16/openlane/user_project_wrapper/runs/user_project_wrapper/tmp/merged_unpadded.lef |& tee >&@stdout"

Thu Mar 24 06:15:05 UTC 2022 - Executing "/openlane/scripts/mergeLef.py -i /home/sky/proj/ReRAM-16x16/openlane/user_project_wrapper/runs/user_project_wrapper/tmp/merged_unpadded.lef /home/sky/proj/ReRAM-16x16/openlane/user_project_wrapper/../../lef/col_driver.lef -o /home/sky/proj/ReRAM-16x16/openlane/user_project_wrapper/runs/user_project_wrapper/tmp/merged_unpadded.lef |& tee >&@stdout"

Thu Mar 24 06:15:05 UTC 2022 - Executing "openroad -python /openlane/scripts/mergeLib.py --output /home/sky/proj/ReRAM-16x16/openlane/user_project_wrapper/runs/user_project_wrapper/tmp/synthesis/merged.lib --name sky130A_merged /home/sky/pdks/sky130A/libs.ref/sky130_fd_sc_hd/lib/sky130_fd_sc_hd__tt_025C_1v80.lib"

Thu Mar 24 06:15:06 UTC 2022 - Executing "openroad -python /openlane/scripts/libtrim.py --cell-file /home/sky/proj/ReRAM-16x16/openlane/user_project_wrapper/runs/user_project_wrapper/tmp/synthesis/trimmed.lib.exclude.list --output /home/sky/proj/ReRAM-16x16/openlane/user_project_wrapper/runs/user_project_wrapper/tmp/synthesis/trimmed.lib /home/sky/proj/ReRAM-16x16/openlane/user_project_wrapper/runs/user_project_wrapper/tmp/synthesis/merged.lib"

Thu Mar 24 06:15:06 UTC 2022 - Executing "echo {openlane 2022.02.23_02.50.41} > /home/sky/proj/ReRAM-16x16/openlane/user_project_wrapper/runs/user_project_wrapper/OPENLANE_VERSION"

Thu Mar 24 06:15:06 UTC 2022 - Executing "openroad -python /openlane/scripts/new_tracks.py -i /home/sky/pdks/sky130A/libs.tech/openlane/sky130_fd_sc_hd/tracks.info -o /home/sky/proj/ReRAM-16x16/openlane/user_project_wrapper/runs/user_project_wrapper/tmp/routing/config.tracks"

Thu Mar 24 06:15:06 UTC 2022 - Executing "sed -E {s/^([[:space:]]+)pg_pin(.*)/\1pin\2\n\1    direction : "inout";/g} /home/sky/pdks/sky130A/libs.ref/sky130_fd_sc_hd/lib/sky130_fd_sc_hd__tt_025C_1v80.lib > /home/sky/proj/ReRAM-16x16/openlane/user_project_wrapper/runs/user_project_wrapper/tmp/synthesis/1-sky130_fd_sc_hd__tt_025C_1v80.no_pg.lib"

Thu Mar 24 06:15:07 UTC 2022 - Executing "yosys -c /openlane/scripts/yosys/synth_top.tcl -l /home/sky/proj/ReRAM-16x16/openlane/user_project_wrapper/runs/user_project_wrapper/logs/synthesis/1-synthesis.log |& tee >&@stdout"

Thu Mar 24 06:15:07 UTC 2022 - Executing "sed -i -e {s/\(set ::env(CURRENT_NETLIST)\).*/\1 \/home\/sky\/proj\/ReRAM-16x16\/openlane\/user_project_wrapper\/runs\/user_project_wrapper\/results\/synthesis\/user_project_wrapper.v/} /home/sky/proj/ReRAM-16x16/openlane/user_project_wrapper/runs/user_project_wrapper/config.tcl"

Thu Mar 24 06:15:07 UTC 2022 - Executing "sed -i -e {s/\(set ::env(PREV_NETLIST)\).*/\1 0/} /home/sky/proj/ReRAM-16x16/openlane/user_project_wrapper/runs/user_project_wrapper/config.tcl"

Thu Mar 24 06:15:07 UTC 2022 - Executing "sed -i /defparam/d /home/sky/proj/ReRAM-16x16/openlane/user_project_wrapper/runs/user_project_wrapper/results/synthesis/user_project_wrapper.v"

Thu Mar 24 06:15:07 UTC 2022 - Executing "openroad -exit /openlane/scripts/openroad/sta.tcl"

Thu Mar 24 06:15:08 UTC 2022 - Executing "sed -E {s/^([[:space:]]+)pg_pin(.*)/\1pin\2\n\1    direction : "inout";/g} /home/sky/pdks/sky130A/libs.ref/sky130_fd_sc_hd/lib/sky130_fd_sc_hd__tt_025C_1v80.lib > /home/sky/proj/ReRAM-16x16/openlane/user_project_wrapper/runs/user_project_wrapper/tmp/synthesis/2-sky130_fd_sc_hd__tt_025C_1v80.no_pg.lib"

Thu Mar 24 06:15:08 UTC 2022 - Executing "yosys -c /openlane/scripts/yosys/synth_top.tcl -l /home/sky/proj/ReRAM-16x16/openlane/user_project_wrapper/runs/user_project_wrapper/logs/synthesis/2-synthesis.log |& tee >&@stdout"

Thu Mar 24 06:15:08 UTC 2022 - Executing "sed -i /defparam/d /home/sky/proj/ReRAM-16x16/openlane/user_project_wrapper/runs/user_project_wrapper/tmp/synthesis/pg_define.v"

Thu Mar 24 06:15:08 UTC 2022 - Executing "openroad -exit /openlane/scripts/openroad/floorplan.tcl"

Thu Mar 24 06:15:09 UTC 2022 - Executing "openroad -python /openlane/scripts/defutil.py extract_core_dims --output-data /home/sky/proj/ReRAM-16x16/openlane/user_project_wrapper/runs/user_project_wrapper/tmp/dimensions.txt --input-lef /home/sky/proj/ReRAM-16x16/openlane/user_project_wrapper/runs/user_project_wrapper/tmp/merged.lef /home/sky/proj/ReRAM-16x16/openlane/user_project_wrapper/runs/user_project_wrapper/tmp/floorplan/3-initial_fp.def"

Thu Mar 24 06:15:09 UTC 2022 - Executing "openroad -python /openlane/scripts/io_place.py --input-lef /home/sky/proj/ReRAM-16x16/openlane/user_project_wrapper/runs/user_project_wrapper/tmp/merged.lef --config /home/sky/proj/ReRAM-16x16/caravel/openlane/user_project_wrapper/pin_order.cfg --hor-layer met3 --ver-layer met2 --ver-width-mult 4 --hor-width-mult 4 --hor-extension 4.8 --ver-extension 4.8 --length 2.4 -o /home/sky/proj/ReRAM-16x16/openlane/user_project_wrapper/runs/user_project_wrapper/tmp/floorplan/4-io.def /home/sky/proj/ReRAM-16x16/openlane/user_project_wrapper/runs/user_project_wrapper/tmp/floorplan/3-initial_fp.def |& tee /home/sky/proj/ReRAM-16x16/openlane/user_project_wrapper/runs/user_project_wrapper/logs/floorplan/4-place_io_ol.log >&@stdout"

Thu Mar 24 06:15:10 UTC 2022 - Executing "openroad -python /openlane/scripts/manual_macro_place.py -l /home/sky/proj/ReRAM-16x16/openlane/user_project_wrapper/runs/user_project_wrapper/tmp/merged.lef -id /home/sky/proj/ReRAM-16x16/openlane/user_project_wrapper/runs/user_project_wrapper/tmp/floorplan/4-io.def -o /home/sky/proj/ReRAM-16x16/openlane/user_project_wrapper/runs/user_project_wrapper/tmp/floorplan/4-io.macro_placement.def -c /home/sky/proj/ReRAM-16x16/openlane/user_project_wrapper/runs/user_project_wrapper/tmp/placement/macro_placement.cfg -f |& tee >&@stdout /home/sky/proj/ReRAM-16x16/openlane/user_project_wrapper/runs/user_project_wrapper/logs/placement/5-macro_placement.log"

Thu Mar 24 06:15:10 UTC 2022 - Executing "openroad -exit /openlane/scripts/openroad/pdn.tcl"

Thu Mar 24 06:15:11 UTC 2022 - Executing "openroad -exit /openlane/scripts/openroad/pdn.tcl"

Thu Mar 24 06:15:12 UTC 2022 - Executing "openroad -exit /openlane/scripts/openroad/pdn.tcl"

Thu Mar 24 06:15:12 UTC 2022 - Executing "openroad -exit /openlane/scripts/openroad/pdn.tcl"

Thu Mar 24 06:15:13 UTC 2022 - Executing "openroad -python /openlane/scripts/random_place.py --lef /home/sky/proj/ReRAM-16x16/openlane/user_project_wrapper/runs/user_project_wrapper/tmp/merged_unpadded.lef --input-def /home/sky/proj/ReRAM-16x16/openlane/user_project_wrapper/runs/user_project_wrapper/tmp/floorplan/9-pdn.def --output-def /home/sky/proj/ReRAM-16x16/openlane/user_project_wrapper/runs/user_project_wrapper/tmp/placement/10-global.def |& tee >&@stdout /home/sky/proj/ReRAM-16x16/openlane/user_project_wrapper/runs/user_project_wrapper/logs/placement/10-global.log"

Thu Mar 24 06:15:14 UTC 2022 - Executing "openroad -exit /openlane/scripts/openroad/opendp.tcl"

Thu Mar 24 06:15:15 UTC 2022 - Executing "openroad -exit /openlane/scripts/openroad/opendp.tcl"

Thu Mar 24 06:15:16 UTC 2022 - Executing "openroad -exit /openlane/scripts/openroad/groute.tcl"

Thu Mar 24 06:15:18 UTC 2022 - Executing "openroad -exit /openlane/scripts/openroad/write_verilog.tcl"

Thu Mar 24 06:15:18 UTC 2022 - Executing "sed -i -e {s/\(set ::env(CURRENT_NETLIST)\).*/\1 \/home\/sky\/proj\/ReRAM-16x16\/openlane\/user_project_wrapper\/runs\/user_project_wrapper\/tmp\/routing\/15-global.v/} /home/sky/proj/ReRAM-16x16/openlane/user_project_wrapper/runs/user_project_wrapper/config.tcl"

Thu Mar 24 06:15:18 UTC 2022 - Executing "sed -i -e {s/\(set ::env(PREV_NETLIST)\).*/\1 \/home\/sky\/proj\/ReRAM-16x16\/openlane\/user_project_wrapper\/runs\/user_project_wrapper\/results\/synthesis\/user_project_wrapper.v/} /home/sky/proj/ReRAM-16x16/openlane/user_project_wrapper/runs/user_project_wrapper/config.tcl"

Thu Mar 24 06:15:18 UTC 2022 - Executing "openroad -exit /openlane/scripts/openroad/droute.tcl"

Thu Mar 24 06:16:39 UTC 2022 - Executing "openroad -python /openlane/scripts/tr_drc_to_klayout_drc.py -i /home/sky/proj/ReRAM-16x16/openlane/user_project_wrapper/runs/user_project_wrapper/reports/routing/detailed.drc -o /home/sky/proj/ReRAM-16x16/openlane/user_project_wrapper/runs/user_project_wrapper/reports/routing/detailed.klayout.xml --design-name user_project_wrapper"

Thu Mar 24 06:16:39 UTC 2022 - Executing "openroad -exit /openlane/scripts/openroad/write_verilog.tcl"

Thu Mar 24 06:16:40 UTC 2022 - Executing "sed -i -e {s/\(set ::env(CURRENT_NETLIST)\).*/\1 \/home\/sky\/proj\/ReRAM-16x16\/openlane\/user_project_wrapper\/runs\/user_project_wrapper\/tmp\/routing\/17-detailed.v/} /home/sky/proj/ReRAM-16x16/openlane/user_project_wrapper/runs/user_project_wrapper/config.tcl"

Thu Mar 24 06:16:40 UTC 2022 - Executing "sed -i -e {s/\(set ::env(PREV_NETLIST)\).*/\1 \/home\/sky\/proj\/ReRAM-16x16\/openlane\/user_project_wrapper\/runs\/user_project_wrapper\/tmp\/routing\/15-global.v/} /home/sky/proj/ReRAM-16x16/openlane/user_project_wrapper/runs/user_project_wrapper/config.tcl"

Thu Mar 24 06:16:40 UTC 2022 - Executing "openroad -exit /openlane/scripts/openroad/rcx.tcl"

Thu Mar 24 06:16:40 UTC 2022 - Executing "openroad -exit /openlane/scripts/openroad/rcx.tcl"

Thu Mar 24 06:16:41 UTC 2022 - Executing "openroad -exit /openlane/scripts/openroad/rcx.tcl"

Thu Mar 24 06:16:42 UTC 2022 - Executing "openroad -exit /openlane/scripts/openroad/sta.tcl"

Thu Mar 24 06:16:43 UTC 2022 - Executing "openroad -exit /openlane/scripts/openroad/sta_multi_corner.tcl"

Thu Mar 24 06:16:46 UTC 2022 - Executing "magic -noconsole -dnull -rcfile /home/sky/pdks/sky130A/libs.tech/magic/sky130A.magicrc /openlane/scripts/magic/mag_gds.tcl </dev/null |& tee >&@stdout /home/sky/proj/ReRAM-16x16/openlane/user_project_wrapper/runs/user_project_wrapper/logs/finishing/24-gdsii.log"

Thu Mar 24 06:16:46 UTC 2022 - Executing "magic -noconsole -dnull -rcfile /home/sky/pdks/sky130A/libs.tech/magic/sky130A.magicrc /openlane/scripts/magic/gds_pointers.tcl </dev/null |& tee >&@stdout /home/sky/proj/ReRAM-16x16/openlane/user_project_wrapper/runs/user_project_wrapper/logs/finishing/24-gds_ptrs.log"

Thu Mar 24 06:16:47 UTC 2022 - Executing "sed -i -n {/^<< properties >>/,/^<< end >>/p} /home/sky/proj/ReRAM-16x16/openlane/user_project_wrapper/runs/user_project_wrapper/tmp/finishing/gds_ptrs.mag"

Thu Mar 24 06:16:47 UTC 2022 - Executing "magic -noconsole -dnull -rcfile /home/sky/pdks/sky130A/libs.tech/magic/sky130A.magicrc /openlane/scripts/magic/lef.tcl </dev/null |& tee >&@stdout /home/sky/proj/ReRAM-16x16/openlane/user_project_wrapper/runs/user_project_wrapper/logs/finishing/24-lef.log"

Thu Mar 24 06:16:48 UTC 2022 - Executing "magic -noconsole -dnull -rcfile /home/sky/pdks/sky130A/libs.tech/magic/sky130A.magicrc /openlane/scripts/magic/maglef.tcl </dev/null |& tee >&@stdout /home/sky/proj/ReRAM-16x16/openlane/user_project_wrapper/runs/user_project_wrapper/logs/finishing/24-maglef.log"

Thu Mar 24 06:16:48 UTC 2022 - Executing "klayout -b -rm /openlane/scripts/klayout/def2gds.py -rd out_gds=/home/sky/proj/ReRAM-16x16/openlane/user_project_wrapper/runs/user_project_wrapper/results/finishing/user_project_wrapper.klayout.gds -rd tech_file=/home/sky/pdks/sky130A/libs.tech/klayout/sky130A.lyt -rd design_name=user_project_wrapper -rd in_def=/home/sky/proj/ReRAM-16x16/openlane/user_project_wrapper/runs/user_project_wrapper/results/routing/user_project_wrapper.def -rd {in_gds=/home/sky/pdks/sky130A/libs.ref/sky130_fd_sc_hd/gds/sky130_fd_sc_hd.gds  /home/sky/proj/ReRAM-16x16/openlane/user_project_wrapper/../../gds/col_driver.gds} -rd config_file= -rd seal_gds= -rd lef_file=/home/sky/proj/ReRAM-16x16/openlane/user_project_wrapper/runs/user_project_wrapper/tmp/merged.lef |& tee >&@stdout /home/sky/proj/ReRAM-16x16/openlane/user_project_wrapper/runs/user_project_wrapper/logs/finishing/25-gdsii-klayout.log"

Thu Mar 24 06:16:49 UTC 2022 - Executing "bash /openlane/scripts/klayout/xor.sh /home/sky/proj/ReRAM-16x16/openlane/user_project_wrapper/runs/user_project_wrapper/results/finishing/user_project_wrapper.gds /home/sky/proj/ReRAM-16x16/openlane/user_project_wrapper/runs/user_project_wrapper/results/finishing/user_project_wrapper.klayout.gds user_project_wrapper /home/sky/proj/ReRAM-16x16/openlane/user_project_wrapper/runs/user_project_wrapper/reports/finishing/user_project_wrapper.xor.gds |& tee >&@stdout /home/sky/proj/ReRAM-16x16/openlane/user_project_wrapper/runs/user_project_wrapper/logs/finishing/26-xor.log"

Thu Mar 24 06:16:50 UTC 2022 - Executing "openroad -python /openlane/scripts/parse_klayout_xor_log.py -l /home/sky/proj/ReRAM-16x16/openlane/user_project_wrapper/runs/user_project_wrapper/logs/finishing/26-xor.log -o /home/sky/proj/ReRAM-16x16/openlane/user_project_wrapper/runs/user_project_wrapper/reports/finishing/26-xor.rpt"

Thu Mar 24 06:16:50 UTC 2022 - Executing "bash /openlane/scripts/klayout/xor.sh /home/sky/proj/ReRAM-16x16/openlane/user_project_wrapper/runs/user_project_wrapper/results/finishing/user_project_wrapper.gds /home/sky/proj/ReRAM-16x16/openlane/user_project_wrapper/runs/user_project_wrapper/results/finishing/user_project_wrapper.klayout.gds user_project_wrapper /home/sky/proj/ReRAM-16x16/openlane/user_project_wrapper/runs/user_project_wrapper/reports/finishing/user_project_wrapper.xor.xml |& tee >&@stdout /home/sky/proj/ReRAM-16x16/openlane/user_project_wrapper/runs/user_project_wrapper/logs/finishing/26-xor.log"

Thu Mar 24 06:16:51 UTC 2022 - Executing "openroad -python /openlane/scripts/parse_klayout_xor_log.py -l /home/sky/proj/ReRAM-16x16/openlane/user_project_wrapper/runs/user_project_wrapper/logs/finishing/26-xor.log -o /home/sky/proj/ReRAM-16x16/openlane/user_project_wrapper/runs/user_project_wrapper/reports/finishing/26-xor.rpt"

Thu Mar 24 06:16:51 UTC 2022 - Executing "magic -noconsole -dnull -rcfile /home/sky/pdks/sky130A/libs.tech/magic/sky130A.magicrc /home/sky/proj/ReRAM-16x16/openlane/user_project_wrapper/runs/user_project_wrapper/tmp/finishing/spice.tcl </dev/null |& tee >&@stdout /home/sky/proj/ReRAM-16x16/openlane/user_project_wrapper/runs/user_project_wrapper/logs/finishing/27-spice.log"

Thu Mar 24 06:16:59 UTC 2022 - Executing "openroad -python /openlane/scripts/write_powered_def.py -d /home/sky/proj/ReRAM-16x16/openlane/user_project_wrapper/runs/user_project_wrapper/results/routing/user_project_wrapper.def -l /home/sky/proj/ReRAM-16x16/openlane/user_project_wrapper/runs/user_project_wrapper/tmp/merged.lef --power-port vccd1 --ground-port vssd1 --powered-netlist /home/sky/proj/ReRAM-16x16/openlane/user_project_wrapper/runs/user_project_wrapper/tmp/synthesis/pg_define.v -o /home/sky/proj/ReRAM-16x16/openlane/user_project_wrapper/runs/user_project_wrapper/tmp/finishing/27-powered_def.def |& tee >&@stdout /home/sky/proj/ReRAM-16x16/openlane/user_project_wrapper/runs/user_project_wrapper/logs/finishing/28-write_powered_def.log"

Thu Mar 24 06:17:01 UTC 2022 - Executing "openroad -exit /openlane/scripts/openroad/write_verilog.tcl"

Thu Mar 24 06:17:01 UTC 2022 - Executing "sed -i -e {s/\(set ::env(CURRENT_NETLIST)\).*/\1 \/home\/sky\/proj\/ReRAM-16x16\/openlane\/user_project_wrapper\/runs\/user_project_wrapper\/tmp\/finishing\/27-powered_netlist.v/} /home/sky/proj/ReRAM-16x16/openlane/user_project_wrapper/runs/user_project_wrapper/config.tcl"

Thu Mar 24 06:17:01 UTC 2022 - Executing "sed -i -e {s/\(set ::env(PREV_NETLIST)\).*/\1 \/home\/sky\/proj\/ReRAM-16x16\/openlane\/user_project_wrapper\/runs\/user_project_wrapper\/tmp\/routing\/17-detailed.v/} /home/sky/proj/ReRAM-16x16/openlane/user_project_wrapper/runs/user_project_wrapper/config.tcl"

Thu Mar 24 06:17:01 UTC 2022 - Executing "netgen -batch source /home/sky/proj/ReRAM-16x16/openlane/user_project_wrapper/runs/user_project_wrapper/tmp/finishing/30-setup_file.lef.lvs |& tee >&@stdout /home/sky/proj/ReRAM-16x16/openlane/user_project_wrapper/runs/user_project_wrapper/logs/finishing/30-lef.log"

Thu Mar 24 06:17:02 UTC 2022 - Executing "openroad -python /openlane/scripts/generate_reports.py -d /home/sky/proj/ReRAM-16x16/openlane/user_project_wrapper --design_name user_project_wrapper --tag user_project_wrapper --output_file /home/sky/proj/ReRAM-16x16/openlane/user_project_wrapper/runs/user_project_wrapper/reports/final_summary_report.csv --man_report /home/sky/proj/ReRAM-16x16/openlane/user_project_wrapper/runs/user_project_wrapper/reports/manufacturability_report.rpt --run_path /home/sky/proj/ReRAM-16x16/openlane/user_project_wrapper/runs/user_project_wrapper"

