
===========================================================================
report_checks -unconstrained
============================================================================
Startpoint: analog_io[5] (input port clocked by user_clock2)
Endpoint: col_driver_west/Vref (internal pin)
Path Group: (none)
Path Type: max

Fanout     Cap    Slew   Delay    Time   Description
-----------------------------------------------------------------------------
                          2.00    2.00 ^ input external delay
                  3.03    3.03    5.03 ^ analog_io[5] (inout)
     1    0.03                           analog_io[5] (net)
                  4.01    0.00    5.03 ^ col_driver_west/Vref (col_driver)
                                  5.03   data arrival time
-----------------------------------------------------------------------------
(Path is unconstrained)



===========================================================================
report_checks --slack_max -0.01
============================================================================
No paths found.
