
===========================================================================
report_checks -unconstrained
============================================================================

======================= Slowest Corner ===================================

Startpoint: analog_io[4] (input port clocked by user_clock2)
Endpoint: col_driver_west/Vc_minus (internal pin)
Path Group: (none)
Path Type: max
Corner: ss

Fanout     Cap    Slew   Delay    Time   Description
-----------------------------------------------------------------------------
                          2.00    2.00 ^ input external delay
                  3.78    3.17    5.17 ^ analog_io[4] (inout)
     1    0.03                           analog_io[4] (net)
                  4.33    0.00    5.17 ^ col_driver_west/Vc_minus (col_driver)
                                  5.17   data arrival time
-----------------------------------------------------------------------------
(Path is unconstrained)



======================= Typical Corner ===================================

Startpoint: analog_io[5] (input port clocked by user_clock2)
Endpoint: col_driver_west/Vref (internal pin)
Path Group: (none)
Path Type: max
Corner: tt

Fanout     Cap    Slew   Delay    Time   Description
-----------------------------------------------------------------------------
                          2.00    2.00 ^ input external delay
                  1.85    2.14    4.14 ^ analog_io[5] (inout)
     1    0.03                           analog_io[5] (net)
                  2.91    0.00    4.14 ^ col_driver_west/Vref (col_driver)
                                  4.14   data arrival time
-----------------------------------------------------------------------------
(Path is unconstrained)



======================= Fastest Corner ===================================

Startpoint: analog_io[5] (input port clocked by user_clock2)
Endpoint: col_driver_west/Vref (internal pin)
Path Group: (none)
Path Type: max
Corner: ff

Fanout     Cap    Slew   Delay    Time   Description
-----------------------------------------------------------------------------
                          2.00    2.00 ^ input external delay
                  1.28    1.81    3.81 ^ analog_io[5] (inout)
     1    0.03                           analog_io[5] (net)
                  2.58    0.00    3.81 ^ col_driver_west/Vref (col_driver)
                                  3.81   data arrival time
-----------------------------------------------------------------------------
(Path is unconstrained)



===========================================================================
report_checks --slack_max -0.01
============================================================================

======================= Slowest Corner ===================================

No paths found.

======================= Typical Corner ===================================

No paths found.

======================= Fastest Corner ===================================

No paths found.
