Netgen 1.5.219 compiled on Wed Feb  9 05:50:10 UTC 2022
Warning: netgen command 'format' use fully-qualified name '::netgen::format'
Warning: netgen command 'global' use fully-qualified name '::netgen::global'
Generating JSON file result
Reading netlist file /home/sky/proj/ReRAM-16x16/openlane/user_project_wrapper/runs/user_project_wrapper/results/finishing/user_project_wrapper.spice
Reading netlist file /home/sky/proj/ReRAM-16x16/openlane/user_project_wrapper/runs/user_project_wrapper/tmp/finishing/27-powered_netlist.v
Warning:  A case-insensitive file has been read and so the	verilog file must be treated case-insensitive to match.
Creating placeholder cell definition for module col_driver.
Reading setup file /home/sky/pdks/sky130A/libs.tech/netgen/sky130A_setup.tcl
Comparison output logged to file /home/sky/proj/ReRAM-16x16/openlane/user_project_wrapper/runs/user_project_wrapper/logs/finishing/30-user_project_wrapper.lef.log
Logging to file "/home/sky/proj/ReRAM-16x16/openlane/user_project_wrapper/runs/user_project_wrapper/logs/finishing/30-user_project_wrapper.lef.log" enabled
Circuit col_driver contains no devices.

Contents of circuit 1:  Circuit: 'user_project_wrapper'
Circuit user_project_wrapper contains 1 device instances.
  Class: col_driver            instances:   1
Circuit contains 10 nets, and 637 disconnected pins.
Contents of circuit 2:  Circuit: 'user_project_wrapper'
Circuit user_project_wrapper contains 1 device instances.
  Class: col_driver            instances:   1
Circuit contains 10 nets, and 635 disconnected pins.

Circuit 1 contains 1 devices, Circuit 2 contains 1 devices.
Circuit 1 contains 10 nets,    Circuit 2 contains 10 nets.

Netlists match uniquely.
Result: Cells failed matching, or top level cell failed pin matching.

Logging to file "/home/sky/proj/ReRAM-16x16/openlane/user_project_wrapper/runs/user_project_wrapper/logs/finishing/30-user_project_wrapper.lef.log" disabled
LVS Done.
