
===========================================================================
report_checks -unconstrained
============================================================================
Startpoint: analog_io[4] (input port clocked by user_clock2)
Endpoint: col_driver_west/Vc_minus (internal pin)
Path Group: (none)
Path Type: max

Fanout     Cap    Slew   Delay    Time   Description
-----------------------------------------------------------------------------
                          2.00    2.00 ^ input external delay
                  0.01    0.00    2.00 ^ analog_io[4] (inout)
     1    0.03                           analog_io[4] (net)
                  0.01    0.00    2.00 ^ col_driver_west/Vc_minus (col_driver)
                                  2.00   data arrival time
-----------------------------------------------------------------------------
(Path is unconstrained)



===========================================================================
report_checks --slack_max -0.01
============================================================================
No paths found.
